<?xml version="1.0" encoding="UTF-8"?>
<Site BuildName="(empty)"
	BuildStamp="20240423-2100-Experimental"
	Name="(empty)"
	Generator="ctest-3.27.2-msvc1"
	CompilerName=""
	CompilerVersion=""
	OSName="Windows"
	Hostname="DESKTOP-GV2IKHM"
	OSRelease=" Professional"
	OSVersion=" (Build 19045)"
	OSPlatform="AMD64"
	Is64Bits="1"
	VendorString="AuthenticAMD"
	VendorID="Advanced Micro Devices"
	FamilyID="15"
	ModelID="1"
	ProcessorCacheSize="64"
	NumberOfLogicalCPU="24"
	NumberOfPhysicalCPU="12"
	TotalVirtualMemory="75184"
	TotalPhysicalMemory="65456"
	LogicalProcessorsPerPhysical="2"
	ProcessorClockFrequency="3700"
	>
	<Testing>
		<StartDateTime>Apr 23 23:00 W. Europe Daylight Time</StartDateTime>
		<StartTestTime>1713906035</StartTestTime>
		<TestList/>
		<EndDateTime>Apr 23 23:00 W. Europe Daylight Time</EndDateTime>
		<EndTestTime>1713906035</EndTestTime>
		<ElapsedMinutes>0</ElapsedMinutes>
	</Testing>
</Site>
